1634980501 14119547600 32379571602
1634980501 15382 391815 15382 391815
1634980201 12863 95591 12863 95591
1634980200 12822 95272 12863 95591
1634979900 788 108 789 1561
1634979600 605 1606 626 8329
1634979300 626 8301 824 8329
1634979000 822 38 824 39
1634978700 520 3 576 44
1634978400 576 43 798 44
1634978100 796 3 798 4
1634977800 539 3 545 4
1634977500 545 4 756 4
1634977200 755 4 756 5
1634976900 535 5 536 6
1634976600 530 5 769 6
1634976300 767 4 769 5
1634976000 534 3 535 4
1634975700 520 4 771 4
1634975400 770 4 771 5
1634975100 535 5 572 15
1634974800 573 15 806 65
1634974500 805 71 806 2046
1634974200 662 2039 663 2046
1634973900 536 3 771 7
1634973600 770 7 771 39
1634973300 572 38 573 39
1634973000 543 21 783 22
1634972700 782 12 783 13
1634972400 545 3 546 4
1634972100 539 3 773 4
1634971800 772 4 773 119
1634971500 562 118 587 119
1634971200 587 4 793 4
1634970900 792 4 793 6
1634970600 572 6 598 105
1634970300 599 116 927 3410
1634970000 924 3387 927 3410
1634969700 535 37 680 3405
1634969400 680 3393 811 3405
1634969100 810 43 811 44
1634968800 526 3 559 25
1634968500 560 25 912 93
1634968200 909 92 912 93
1634967900 535 8 753 194
1634967600 752 193 753 194
1634967300 700 3 701 4
1634967000 642 3 643 65
1634966700 607 64 686 65
1634966400 685 27 686 28
1634966100 670 21 671 22
1634965800 522 4 676 7
1634965500 675 6 676 7
1634965200 610 9 663 1022
1634964900 663 1018 677 1022
1634964600 676 4 677 19
1634964300 609 18 610 19
1634964000 556 4 733 4
1634963700 732 3 733 4
1634963400 621 3 622 11
1634963100 539 10 682 11
1634962800 681 4 682 81
1634962500 652 80 653 81
1634962200 518 7 833 1364
1634961900 831 1354 833 1364
1634961600 641 3 642 3
1634961300 528 3 692 4
1634961000 691 3 692 4
1634960700 617 3 618 252
1634960400 597 251 694 252
1634960100 693 4 694 103
1634959800 677 102 678 103
1634959500 515 18 800 4033
1634959200 800 4060 810 12223
1634958900 809 12182 810 12223
1634958600 574 97 669 98
1634958300 668 3 669 4
1634958000 608 3 609 3
1634957700 542 3 695 4
1634957400 694 3 695 4
1634957100 655 3 656 6
1634956800 570 6 684 151
1634956500 684 150 688 151
1634956200 687 18 688 242
1634955900 568 241 658 242
1634955600 658 117 677 118
1634955300 676 3 677 4
1634955000 537 4 641 4
1634954700 641 3 671 4
1634954400 670 3 671 3
1634954100 531 3 623 7
1634953800 623 7 675 18
1634953500 674 17 675 18
1634953200 577 3 670 31
1634952900 670 30 694 31
1634952600 693 21 694 22
1634952300 537 9 623 18
1634952000 624 65 1136 14409
1634951700 1134 14361 1136 14409
1634951400 544 15 645 16
1634951100 645 3 650 4
1634950800 651 81 1231 23598
1634950500 1230 23552 1231 23598
1634950200 1214 16744 1216 16800
1634949900 713 43 714 44
1634949600 559 4 695 4
1634949300 695 4 701 18
1634949000 699 17 701 18
1634948700 517 3 640 20
1634948400 640 19 674 20
1634948100 673 3 674 43
1634947800 561 42 654 43
1634947500 654 5 677 33
1634947200 676 32 677 33
1634946900 528 15 625 16
1634946600 625 4 717 25
1634946300 716 24 717 25
1634946000 557 3 656 4
1634945700 656 4 692 4
1634945400 691 3 692 4
1634945100 541 3 619 16
1634944800 619 15 686 16
1634944500 685 1 686 2
1634944200 527 1 594 2
1634943900 594 2 710 4
1634943600 709 4 710 17
1634943300 531 16 593 17
1634943000 593 3 705 4
1634942700 704 4 705 4
1634942400 551 4 623 4
1634942100 623 4 741 138
1634941800 740 137 741 138
1634941500 523 3 595 4
1634941200 595 3 730 4
1634940900 728 3 730 3
1634940600 528 3 618 4
1634940300 618 4 711 4
1634940000 710 4 711 38
1634939700 552 41 663 984
1634939400 663 980 690 984
1634939100 689 3 690 4
1634938800 565 3 634 16
1634938500 634 16 702 34
1634938200 701 33 702 34
1634937900 542 3 612 3
1634937600 612 3 687 4
1634937300 686 4 687 4
1634937000 520 4 613 7
1634936700 613 6 684 7
1634936400 683 5 684 6
1634936100 519 3 607 4
1634935800 607 3 758 4
1634935500 757 4 758 4
1634935200 543 3 557 4
1634934900 557 3 793 23
1634934600 792 22 793 23
1634934300 535 3 554 3
1634934000 554 3 752 4
1634933700 751 4 752 4
1634933400 564 3 565 4
1634933100 558 3 768 4
1634932800 766 3 768 4
1634932500 535 3 571 3
1634932200 571 3 762 4
1634931900 761 3 762 4
1634931600 582 3 583 3
1634931300 567 3 769 5
1634931000 768 4 769 5
1634930700 525 3 559 4
1634930400 559 3 766 4
1634930100 765 3 766 4
1634929800 527 3 536 6
1634929500 537 5 759 6
1634929200 758 4 759 23
1634928900 536 22 539 23
1634928600 539 3 754 4
1634928300 753 3 754 4
1634928000 572 3 573 3
1634927700 562 12 961 2824
1634927400 959 2814 961 2824
1634927100 525 3 551 4
1634926800 551 4 772 4
1634926500 771 3 772 4
1634926200 552 2 553 4
1634925900 551 4 764 5
1634925600 763 4 764 5
1634925300 530 3 546 3
1634925000 546 3 790 4
1634924700 788 3 790 4
1634924400 566 3 567 3
1634924100 563 3 784 65
1634923800 783 64 784 65
1634923500 533 3 558 18
1634923200 559 17 756 18
1634922900 755 4 756 4
1634922600 536 3 546 4
1634922300 546 3 755 39
1634922000 755 68 918 8803
1634921700 916 8773 918 8803
1634921400 521 3 750 4
1634921100 749 4 750 4
1634920800 579 3 580 4
1634920500 580 3 766 21
1634920200 765 20 766 21
1634919900 566 3 567 16
1634919600 542 15 778 16
1634919300 777 8 778 1411
1634919000 591 1432 858 7805
1634918700 857 7779 858 7805
1634918400 753 4 754 5
1634918100 542 3 543 3
1634917800 540 3 862 293
1634917500 861 292 862 293
1634917200 569 3 569 3
1634916900 569 3 771 5
1634916600 769 4 771 5
1634916300 532 3 540 18
1634916000 540 17 758 18
1634915700 757 4 758 44
1634915400 558 44 559 49
1634915100 535 48 762 49
1634914800 761 19 762 23
1634914500 559 22 565 23
1634914200 565 3 830 4
1634913900 829 4 830 4
1634913600 589 3 590 4
1634913300 588 3 775 4
1634913000 774 3 775 4
1634912700 567 3 568 3
1634912400 533 3 759 4
1634912100 758 3 759 4
1634911800 535 3 590 41
1634911500 590 40 780 41
1634911200 779 16 780 2874
1634910900 677 2864 678 2874
1634910600 568 3 766 4
1634910300 765 3 766 4
1634910000 553 3 562 3
1634909700 562 3 801 5
1634909400 800 4 801 5
1634909100 534 7 940 1002
1634908800 939 998 940 1002
1634908500 777 4 779 4
1634908200 577 3 578 4
1634907900 551 3 793 66
1634907600 792 65 793 66
1634907300 542 5 567 6
1634907000 568 5 774 52
1634906700 773 53 774 356
1634906400 590 354 603 356
1634906100 603 3 812 25
1634905800 811 24 812 25
1634905500 521 3 543 4
1634905200 544 4 802 35
1634904900 801 44 802 2748
1634904600 599 2738 600 2748
1634904300 540 4 753 7
1634904000 752 6 753 7
1634903700 527 3 528 3
1634903400 526 3 857 269
1634903100 856 268 857 269
1634902800 561 3 562 3
1634902500 561 3 770 4
1634902200 769 8 770 1341
1634901900 667 1336 668 1341
1634901600 537 3 756 5
1634901300 755 4 756 5
1634901000 532 3 543 3
1634900700 543 3 772 4
1634900400 770 3 772 4
1634900100 533 3 538 3
1634899800 538 3 769 4
1634899500 768 3 769 4
1634899200 571 4 588 582
1634898900 589 578 786 582
1634898600 785 96 786 97
1634898300 566 3 567 3
1634898000 538 3 784 35
1634897700 783 34 784 35
1634897400 558 3 559 3
1634897100 528 3 755 5
1634896800 754 4 755 5
1634896500 542 3 576 32
1634896200 576 41 861 2811
1634895900 860 2801 861 2811
1634895600 570 3 602 18
1634895300 602 17 770 18
1634895000 769 15 770 3374
1634894700 702 3381 861 5667
1634894400 860 5648 861 5667
1634894100 785 4 786 4
1634893800 522 4 623 288
1634893500 623 287 778 288
1634893200 777 91 778 92
1634892900 574 3 588 4
1634892600 588 4 812 4
1634892300 810 4 812 41
1634892000 580 43 1283 701
1634891700 1281 698 1283 701
1634891400 780 5 1181 412
1634891100 1179 412 1181 435
1634890800 829 433 879 435
1634890500 882 247 2009 7068
1634890200 2004 7044 2009 7068
1634889900 586 39 765 40
1634889600 764 3 765 4
1634889300 526 3 557 18
1634889000 558 17 751 18
1634888700 750 4 751 5
1634888400 559 3 596 3
1634888100 596 3 788 5
1634887800 787 5 788 59
1634887500 535 62 542 576
1634887200 543 585 951 3383
1634886900 949 3371 951 3383
1634886600 560 12 681 2843
1634886300 681 2833 757 2843
1634886000 755 3 757 4
1634885700 554 43 1003 12295
1634885400 1002 12254 1003 12295
1634885100 780 27 781 28
1634884800 595 2 646 86
1634884500 647 87 806 384
1634884200 805 382 806 384
1634883900 557 13 736 3022
1634883600 736 3011 771 3022
1634883300 770 3 771 4
1634883000 543 3 558 3
1634882700 559 3 762 5
1634882400 761 5 762 6
1634882100 563 5 564 6
1634881800 563 3 838 7
1634881500 837 6 838 7
1634881200 554 3 560 59
1634880900 560 58 804 59
1634880600 803 3 804 4
1634880300 523 3 543 3
1634880000 543 3 778 4
1634879700 777 3 778 4
1634879400 544 3 565 3
1634879100 565 3 775 7
1634878800 774 6 775 7
1634878500 555 3 589 98
1634878200 589 97 752 98
1634877900 750 4 752 5
1634877600 564 3 565 3
1634877300 563 3 775 4
1634877000 774 15 775 3514
1634876700 647 3502 648 3514
1634876400 535 3 769 5
1634876100 768 4 769 5
1634875800 515 2 556 18
1634875500 556 18 754 40
1634875200 753 40 754 155
1634874900 624 155 652 253
1634874600 653 254 899 532
1634874300 898 531 899 532
1634874000 727 382 728 383
1634873700 657 214 911 297
1634873400 910 297 911 475
1634873100 766 471 768 475
1634872800 554 3 800 23
1634872500 799 22 800 23
1634872200 553 18 583 19
1634871900 583 5 760 6
1634871600 759 4 760 19
1634871300 549 19 568 26
1634871000 568 25 796 26
1634870700 795 3 796 4
1634870400 564 3 592 4
1634870100 592 4 836 5
1634869800 833 4 836 5
1634869500 529 3 570 3
1634869200 570 3 800 21
1634868900 799 21 800 70
1634868600 590 69 596 70
1634868300 597 3 758 5
1634868000 757 4 758 5
1634867700 519 3 561 4
1634867400 561 5 840 647
1634867100 840 664 1131 6026
1634866800 1129 6005 1131 6026
1634866500 598 3 771 4
1634866200 770 3 771 4
1634865900 544 3 549 22
1634865600 549 21 782 22
1634865300 781 30 782 3559
1634865000 702 3536 703 3559
1634864700 574 113 803 131
1634864400 802 130 803 131
1634864100 549 58 930 8005
1634863800 929 7978 930 8005
1634863500 767 3 768 4
1634863200 571 3 598 3
1634862900 599 3 946 113
1634862600 944 112 946 113
1634862300 524 3 574 39
1634862000 574 38 785 39
1634861700 783 22 785 23
1634861400 527 3 542 53
1634861100 542 52 751 53
1634860800 750 6 751 7
1634860500 557 3 626 206
1634860200 627 204 785 206
1634859900 784 3 785 4
1634859600 569 3 570 39
1634859300 558 38 772 39
1634859000 771 22 772 23
1634858700 541 3 549 4
1634858400 550 3 735 4
1634858100 734 4 735 25
1634857800 538 24 562 25
1634857500 562 3 750 4
1634857200 749 3 750 4
1634856900 546 3 551 31
1634856600 551 30 762 31
1634856300 761 3 762 4
1634856000 538 3 561 3
1634855700 561 3 780 5
1634855400 778 4 780 5
1634855100 503 3 536 3
1634854800 536 3 789 5
1634854500 788 4 789 5
1634854200 544 3 552 18
1634853900 552 17 772 18
1634853600 770 4 772 38
1634853300 541 37 542 38
1634853000 536 3 759 4
1634852700 758 4 759 4
1634852400 571 3 592 4
1634852100 593 3 749 4
1634851800 748 3 749 4
1634851500 538 11 655 2560
1634851200 655 2551 774 2560
1634850900 773 3 774 4
1634850600 523 3 560 3
1634850300 560 3 806 302
1634850000 805 301 806 302
1634849700 510 3 545 3
1634849400 545 3 796 4
1634849100 795 3 796 4
1634848800 575 3 576 3
1634848500 542 3 771 5
1634848200 770 5 771 6
1634847900 520 5 527 6
1634847600 527 3 785 4
1634847300 783 3 785 4
1634847000 544 3 545 3
1634846700 534 3 808 177
1634846400 807 176 808 177
1634846100 529 3 542 4
1634845800 542 3 738 4
1634845500 737 35 738 4758
1634845200 695 4742 696 4758
1634844900 584 3 784 54
1634844600 783 53 784 54
1634844300 531 7 543 8
1634844000 544 3 763 4
1634843700 762 3 763 4
1634843400 533 3 539 3
1634843100 539 3 764 4
1634842800 763 4 764 81
1634842500 551 80 552 81
1634842200 527 3 752 4
1634841900 751 4 752 150
1634841600 573 149 574 150
1634841300 573 3 767 4
1634841000 766 3 767 4
1634840700 532 3 548 22
1634840400 548 21 750 22
1634840100 749 4 750 4
1634839800 559 3 563 4
1634839500 563 3 754 4
1634839200 752 3 754 4
1634838900 530 3 555 3
1634838600 555 3 799 4
1634838300 798 3 799 4
1634838000 559 3 575 3
1634837700 575 3 800 4
1634837400 798 3 800 4
1634837100 512 3 551 19
1634836800 551 18 758 19
1634836500 757 3 758 4
1634836200 523 3 535 4
1634835900 536 4 755 4
1634835600 754 3 755 4
1634835300 551 3 552 4
1634835000 533 4 767 36
1634834700 766 37 767 377
1634834400 591 374 592 377
1634834100 553 3 774 5
1634833800 773 5 774 38
1634833500 573 37 574 38
1634833200 536 3 753 4
1634832900 752 13 753 2943
1634832600 650 2923 651 2943
1634832300 554 3 757 40
1634832000 756 39 757 40
1634831700 552 3 553 4
1634831400 542 3 748 4
1634831100 746 3 748 4
1634830800 550 3 596 4
1634830500 596 4 810 4
1634830200 809 3 810 4
1634829900 532 18 719 4581
1634829600 719 4565 776 4581
1634829300 775 18 776 19
1634829000 536 3 537 6
1634828700 537 5 750 6
1634828400 749 4 750 21
1634828100 570 20 571 21
1634827800 558 3 789 5
1634827500 788 4 789 5
1634827200 568 3 588 3
1634826900 588 3 759 4
1634826600 758 4 759 4
1634826300 515 4 554 16
1634826000 554 16 771 17
1634825700 770 17 771 78
1634825400 547 77 559 78
1634825100 559 3 754 4
1634824800 753 4 754 33
1634824500 536 32 537 33
1634824200 522 3 786 19
1634823900 785 18 786 19
1634823600 556 4 574 108
1634823300 574 108 786 110
1634823000 784 109 786 110
1634822700 531 3 532 3
1634822400 532 3 759 4
1634822100 758 3 759 4
1634821800 561 3 563 4
1634821500 564 4 754 16
1634821200 753 15 754 16
1634820900 536 3 561 22
1634820600 561 21 743 22
1634820300 742 3 743 4
1634820000 572 3 575 3
1634819700 576 3 773 4
1634819400 772 3 773 4
1634819100 531 3 556 3
1634818800 556 3 792 4
1634818500 791 4 792 4
1634818200 533 3 553 4
1634817900 553 3 771 4
1634817600 770 4 771 6
1634817300 561 15 676 2840
1634817000 676 2830 819 2840
1634816700 818 8 819 9
1634816400 571 3 648 252
1634816100 648 251 808 252
1634815800 807 3 808 4
1634815500 560 3 561 100
1634815200 561 99 773 100
1634814900 771 3 773 4
1634814600 523 3 574 3
1634814300 574 3 749 4
1634814000 748 3 749 4
1634813700 546 2 602 3
1634813400 603 20 847 2846
1634813100 846 2836 847 2846
1634812800 568 3 624 138
1634812500 893 140 81373 811
1634812200 81104 820 81373 3634
1634811900 751 3621 752 3634
1634811600 579 21 979 2801
1634811300 977 2791 979 2801
1634811000 542 3 581 3
1634810700 581 3 803 4
1634810400 802 4 803 4
1634810100 542 4 591 51
1634809800 591 50 788 51
1634809500 787 3 788 4
1634809200 628 3 629 3
1634808900 577 3 785 4
1634808600 784 3 785 4
1634808300 550 3 558 3
1634808000 559 3 926 214
1634807700 926 235 1080 6565
1634807400 1078 6544 1080 6565
1634807100 725 476 793 478
1634806800 791 22 793 175
1634806500 638 217 1429 12963
1634806200 1426 12919 1429 12963
1634805900 800 3 801 4
1634805600 575 3 576 3
1634805300 563 3 794 4
1634805000 793 3 794 4
1634804700 530 3 549 33
1634804400 549 32 777 33
1634804100 776 4 777 4
1634803800 524 3 553 4
1634803500 553 3 794 76
1634803200 793 76 794 89
1634802900 573 89 1016 331
1634802600 1015 330 1016 331
1634802300 833 103 1098 6761
1634802000 1094 6716 1098 6761
1634801700 626 188 1660 13933
1634801400 1658 13892 1660 13933
1634801100 1062 1811 1064 1817
1634800800 597 41 805 42
1634800500 690 2590 805 7729
1634799600 653 568 788 2520
1634797800 635 34 769 193
1634796000 663 600 931 2925
1634794200 648 578 916 3460
1634792400 625 5 806 19
1634790600 638 36 806 136
1634788800 752 2978 958 10685
1634787000 715 1256 1052 6870
1634785200 715 905 1052 2858
1634783400 709 744 1162 6095
1634781600 737 1033 1162 6095
1634779800 617 3 783 106
1634778000 627 21 784 106
1634776200 677 1489 933 4719
1634774400 630 15 855 67
1634772600 642 598 783 3565
1634770800 628 15 767 65
1634769000 611 10 767 39
1634767200 9148 69 51850 409
1634765400 616 22 782 95
1634763600 619 3 764 4
1634761800 621 18 746 66
1634760000 670 1473 888 8842
1634758200 649 567 888 3404
1634756400 617 4 727 18
1634754600 674 1479 894 8803
1634752800 625 8 744 153
1634751000 617 33 744 153
1634749200 637 496 669 2936
1634747400 618 3 682 4
1634745600 624 4 704 18
1634743800 665 726 947 4348
1634742000 701 1091 980 3461
1634740200 669 609 825 3418
1634738400 624 8 705 49
1634736600 695 3031 850 14502
1634734800 633 182 779 971
1634733000 632 37 726 105
1634731200 658 174 923 5521
1634729400 698 1166 923 5521
1634727600 6918 164 38144 724
1634725800 662 76 903 274
1634724000 684 1366 890 4740
1634722200 647 88 727 365
1634720400 721 839 843 4384
1634718600 923 1707 1133 4629
1634716800 904 4833 1854 19442
1634715000 702 764 1157 16095
1634713200 751 3017 1157 16095
1634711400 1106 3055 2093 10507
1634709600 731 1204 936 3390
1634707800 702 982 879 2917
1634706000 698 740 1129 3383
1634704200 879 2867 1230 7869
1634702400 791 1599 1287 10657
1634700600 801 2708 1228 10657
1634698800 864 1340 1226 6861
1634697000 666 115 803 435
1634695200 635 1 832 14
1634693400 827 2477 1512 40933
1634691600 893 9500 1512 40933
1634689800 668 811 978 4783
1634688000 630 55 867 304
1634686200 617 30 769 143
1634684400 623 3 790 4
1634682600 606 3 742 4
1634680800 622 3 804 6
1634679000 616 3 778 6
1634677200 625 18 835 96
1634675400 614 11 762 58
1634673600 627 8 801 37
1634671800 613 3 757 4
1634670000 627 3 784 4
1634668200 616 17 759 44
1634666400 628 3 823 5
1634664600 610 23 754 132
1634662800 624 3 799 10
1634661000 625 37 772 113
1634659200 621 3 795 9
1634657400 615 9 781 43
1634655600 636 4 870 19
1634653800 650 576 960 3432
1634652000 641 81 817 423
1634650200 618 18 764 56
1634648400 628 10 810 39
1634646600 623 61 766 360
1634644800 642 232 873 1342
1634643000 619 8 761 41
1634641200 636 59 810 348
1634639400 612 3 783 5
1634637600 677 1866 887 11182
1634635800 651 658 810 6981
1634634000 654 1162 808 6981
1634632200 666 635 812 2155
1634630400 633 1291 818 7712
1634628600 617 425 749 2539
1634626800 616 3 793 7
1634625000 606 4 769 16
1634623200 617 3 821 127
1634621400 743 6420 1184 37317
1634619600 631 31 848 7189
1634617800 701 1943 848 7189
1634616000 628 8 782 468
1634614200 656 140 755 468
1634612400 663 86 896 346
1634610600 646 640 753 3760
1634608800 646 71 1314 1311
1634607000 816 1098 1314 4836
1634605200 695 758 956 2836
1634603400 614 3 779 5
1634601600 620 3 834 19
1634599800 616 5 787 19
1634598000 617 3 808 5
1634596200 615 9 770 45
1634594400 633 49 818 182
1634592600 617 108 772 596
1634590800 621 6 842 25
1634589000 609 20 755 9587
1634587200 669 2862 889 9587
1634585400 688 2554 1227 15217
1634583600 614 8 792 35
1634581800 650 29 934 70
1634580000 625 0 808 2
1634578200 600 0 748 2
1634576400 615 2 783 19
1634574600 613 1 773 19
1634572800 614 5 789 19
1634571000 617 3 780 5
1634569200 630 3 837 5
1634567400 623 3 770 4
1634565600 642 49 839 159
1634563800 657 425 860 2354
1634562000 615 13 803 64
1634560200 16501 267 96109 1585
1634558400 645 244 841 1389
1634556600 682 1221 788 4439
1634554800 618 5 805 32
1634553000 654 532 847 2826
1634551200 732 1306 919 4121
1634549400 787 5665 1570 32046
1634547600 917 13134 1138 55678
1634545800 802 2045 987 5220
1634544000 701 1992 877 5947
1634542200 708 1359 868 3500
1634540400 647 594 829 3488
1634538600 808 4703 1249 15725
1634536800 638 31 723 121
1634535000 654 614 714 3449
1634533200 632 227 726 1367
1634531400 673 609 902 3580
1634529600 685 1161 826 3474
1634527800 668 1145 861 3474
1634526000 639 6 734 33
1634524200 645 577 851 3440
1634522400 619 0 719 2
1634520600 668 645 856 3274
1634518800 622 15 719 90
1634517000 734 586 1229 2820
1634515200 614 0 768 2
1634513400 654 975 809 5773
1634511600 611 0 774 3
1634509800 612 0 781 2
1634508000 615 1 794 2
1634506200 599 1 755 2
1634504400 684 1466 1119 8802
1634502600 600 2 776 17
1634500800 640 154 794 665
1634499000 621 479 772 2794
1634497200 616 2 821 16
1634495400 610 0 752 2
1634493600 620 1 832 4
1634491800 610 0 786 3
1634490000 613 8 780 28
1634488200 616 0 768 2
1634486400 614 1 784 2
1634484600 623 0 817 3
1634482800 622 0 826 2
1634481000 614 0 761 2
1634479200 626 1 800 2
1634477400 611 0 779 4
1634475600 620 7 795 41
1634473800 603 3 767 25
1634472000 625 1 818 1353
1634470200 641 229 784 1353
1634468400 645 564 799 3387
1634466600 626 20 766 44
1634464800 618 9 801 38
1634463000 643 571 942 3434
1634461200 628 0 840 2
1634459400 617 17 771 97
1634457600 622 1 794 36
1634455800 621 171 816 844
1634454000 623 0 800 1757
1634452200 655 597 776 1837
1634450400 630 21 875 131
1634448600 673 1070 890 6421
1634446800 608 0 795 229
1634445000 617 186 771 576
1634443200 618 5 786 32
1634441400 708 653 1132 3918
1634439600 627 0 843 31
1634437800 608 8 767 31
1634436000 629 141 788 755
1634434200 612 23 793 128
1634432400 617 1 811 35
1634430600 687 2414 1003 14419
1634428800 631 63 837 227
1634427000 608 2 762 77
1634425200 618 13 811 77
1634423400 634 86 766 517
1634421600 608 0 798 2
1634419800 618 0 778 2
1634418000 632 9 830 57
1634416200 609 3 782 24
1634414400 617 4 790 24
1634412600 612 3 766 16
1634410800 616 4 796 25
1634409000 610 13 782 79
1634407200 617 10 809 51
1634405400 615 32 762 107
1634403600 620 0 802 36
1634401800 622 14 787 53
1634400000 613 18 796 112
1634398200 614 0 783 2
1634396400 627 5 854 17
1634394600 621 1299 806 7757
1634392800 648 585 805 3478
1634391000 625 15 810 71
1634389200 622 2 784 15
1634387400 612 0 782 3
1634385600 637 279 948 1344
1634383800 631 462 796 2788
1634382000 622 23 822 732
1634380200 644 694 915 3420
1634378400 639 496 886 2985
1634376600 710 1373 903 5920
1634374800 691 969 923 3379
1634373000 609 4 788 3481
1634371200 664 707 867 3481
1634369400 693 688 825 3564
1634367600 620 7 803 44
1634365800 623 453 780 2584
1634364000 619 2 815 15
1634362200 693 1517 1115 8773
1634360400 616 7 1420 1666
1634358600 895 2026 1420 8443
1634356800 883 2181 1168 5487
1634355000 842 2004 965 5487
1634353200 850 2282 1045 5043
1634351400 716 1098 1310 10010
1634349600 795 1957 1310 10010
1634347800 617 61 776 341
1634346000 645 498 852 2718
1634344200 609 0 777 2
1634342400 613 1 817 2
1634340600 662 981 913 4093
1634338800 614 0 737 2
1634337000 608 3 705 23
1634335200 628 8 765 51
1634333400 609 1 738 2
1634331600 619 0 778 2
1634329800 602 1 670 2
1634328000 616 5 708 31
1634326200 616 4 713 107
1634324400 622 18 713 107
1634322600 609 6 675 38
1634320800 616 3 727 19
1634319000 604 11 687 39
1634317200 613 0 725 2
1634315400 616 14 725 60
1634313600 633 44 703 220
1634311800 643 597 706 3511
1634310000 645 455 786 2719
1634308200 615 5 741 36
1634306400 626 10 740 52
1634304600 653 36 742 117
1634302800 691 1813 921 8881
1634301000 660 675 892 2718
1634299200 668 614 838 3616
1634297400 616 22 772 122
1634295600 638 197 804 940
1634293800 688 1198 950 6051
1634292000 676 93 950 471
1634290200 879 1877 1094 8152
1634288400 829 1950 1164 4060
1634286600 772 701 1204 2135
1634284800 925 1223 1274 3450
1634283000 1249 4176 1795 11297
1634281200 677 604 836 3374
1634279400 640 37 802 129
1634277600 636 463 910 2781
1634275800 613 2 802 14
1634274000 659 62 796 318
1634272200 763 1154 1216 4864
1634270400 815 2580 1222 10306
1634268600 911 3371 1166 7309
1634266800 710 931 1166 5524
1634265000 673 38 988 3485
1634263200 907 2483 1553 7982
1634261400 677 212 900 1217
1634259600 735 2471 1079 8060
1634257800 670 606 803 3498
1634256000 626 9 806 33
1634254200 613 8 806 35
1634252400 619 38 1564 31961
1634250600 750 5574 1564 31961
1634248800 610 52 761 317
1634247000 624 491 771 2947
1634245200 619 7 816 40
1634243400 617 4 816 23
1634241600 611 11 768 44
1634239800 666 1571 778 5085
1634238000 621 2 787 16
1634236200 613 2 787 17
1634234400 624 8 786 37
1634232600 618 2 786 16
1634230800 624 27 776 128
1634229000 614 1 776 2
1634227200 618 1 775 2
1634225400 614 6 775 38
1634223600 726 1226 892 3751
1634221800 620 6 804 36
1634220000 669 740 921 3374
1634218200 617 11 788 37
1634216400 622 23 771 108
1634214600 632 40 780 177
1634212800 644 240 816 1407
1634211000 623 1 816 95
1634209200 19171 3112878 111502 18671329
1634207400 816 3617 981 9450
1634205600 767 2039 915 4818
1634203800 707 842 989 4491
1634202000 12647 604439 63093 3204727
1634200200 73878 2523758 145800 3239823
1634198400 912 1743 1420 8659
1634196600 18158 1823 104869 6142
1634194800 741 1803 908 6195
1634193000 683 796 882 4627
1634191200 832 3026 1202 8007
1634189400 811 2278 1100 6075
1634187600 622 1 779 2
1634185800 648 624 839 3698
1634184000 699 1716 839 3660
1634182200 640 73 1186 383
1634180400 836 190 1301 652
1634178600 668 731 871 3381
1634176800 788 2056 1389 6928
1634175000 644 14 1155 6886
1634173200 821 7175 1355 35957
1634171400 606 51 775 227
1634169600 634 26 776 154
1634167800 620 31 776 189
1634166000 621 45 785 176
1634164200 609 20 785 89
1634162400 626 3 775 20
1634160600 606 3 783 20
1634158800 623 0 804 2
1634157000 608 1 804 2
1634155200 645 34 792 204
1634153400 612 6 761 36
1634151600 620 5 769 20
1634149800 608 1 767 97
1634148000 626 16 819 97
1634146200 623 17 819 79
1634144400 631 25 796 150
1634142600 619 3 768 20
1634140800 628 16 796 54
1634139000 610 54 784 297
1634137200 650 504 804 2912
1634135400 632 362 804 2052
1634133600 632 347 762 2052
1634131800 619 118 810 591
1634130000 648 593 791 3527
1634128200 634 643 810 2276
1634126400 624 6 811 41
1634124600 645 230 811 1379
1634122800 634 29 721 144
1634121000 614 1 721 3
1634119200 654 491 753 2947
1634117400 638 740 805 4428
1634115600 683 659 1097 5138
1634113800 790 2354 1156 6721
1634112000 3612 408007 17842 2437552
1634110200 5163 563111 11164 870893
1634108400 641 14 753 3197
1634106600 675 609 753 3197
1634104800 696 1037 1031 6063
1634103000 699 1245 839 3923
1634101200 673 148 841 765
1634099400 654 670 720 3365
1634097600 677 972 838 3447
1634095800 671 1150 807 3447
1634094000 660 1869 720 7701
1634092200 675 1146 796 3392
1634090400 772 1556 1022 5873
1634088600 618 12 767 64
1634086800 619 2 768 16
1634085000 618 4 767 3434
1634083200 636 584 768 3434
1634081400 625 11 781 51
1634079600 618 2 816 107
1634077800 619 17 759 107
1634076000 614 2 792 16
1634074200 612 1 765 3
1634072400 621 6 808 40
1634070600 611 33 785 140
1634068800 627 175 805 7707
1634067000 643 1280 781 7707
1634065200 627 0 804 2
1634063400 607 1 759 2
1634061600 620 25 798 95
1634059800 610 15 765 95
1634058000 647 595 815 3525
1634056200 620 1 768 4
1634054400 637 95 795 468
1634052600 616 49 795 218
1634050800 627 45 828 107
1634049000 642 493 809 2829
1634047200 620 2 793 44
1634045400 628 13 799 44
1634043600 626 2 790 16
1634041800 610 1 755 2
1634040000 621 0 813 54
1634038200 675 823 896 2897
1634036400 618 4 783 24
1634034600 639 754 955 4533
1634032800 662 661 1009 3973
1634031000 642 571 859 3440
1634029200 848 4868 1069 7752
1634027400 652 571 800 3371
1634025600 692 1474 1020 5198
1634023800 614 0 753 1093
1634022000 666 828 897 3477
1634020200 659 586 802 3433
1634018400 651 37 884 191
1634016600 751 1941 1327 11024
1634014800 625 1 801 17
1634013000 678 983 1122 5885
1634011200 648 566 782 3365
1634009400 758 2912 1054 14413
1634007600 844 17490 1087 85176
1634005800 724 1383 1021 4677
1634004000 692 574 945 3406
1634002200 641 374 785 2206
1634000400 664 594 809 3492
1633998600 617 13 783 81
1633996800 616 9 775 60
1633995000 625 6 809 24
1633993200 625 15 796 76
1633991400 614 11 778 37
1633989600 627 44 794 268
1633987800 608 20 754 97
1633986000 621 0 775 2
1633984200 614 0 805 2
1633982400 644 80 814 427
1633980600 618 16 775 96
1633978800 616 0 769 2
1633977000 619 1 767 15
1633975200 618 0 803 5
1633973400 620 44 783 229
1633971600 637 1 794 16
1633969800 609 6 765 20
1633968000 622 3 793 21
1633966200 612 6 768 36
1633964400 649 74 921 3847
1633962600 745 1714 1028 8272
1633960800 719 2440 923 8272
1633959000 670 592 891 3530
1633957200 623 2 801 17
1633955400 609 1 765 16
1633953600 625 2 781 124
1633951800 662 725 1035 4213
1633950000 684 945 947 5646
1633948200 627 590 774 3362
1633946400 624 0 791 2
1633944600 617 0 753 2
1633942800 658 42 1396 645
1633941000 919 3129 1396 12009
1633939200 664 566 822 3398
1633937400 641 20 911 119
1633935600 701 1211 995 7243
1633933800 637 608 880 3435
1633932000 679 990 811 5803
1633930200 632 10 817 33
1633928400 651 560 792 3371
1633926600 626 24 771 95
1633924800 624 23 782 99
1633923000 688 988 877 5438
1633921200 745 1706 1128 6731
1633919400 638 561 815 3375
1633917600 653 1302 939 7804
1633915800 762 1124 1259 5440
1633914000 622 0 789 2
1633912200 616 14 766 55
1633910400 618 1 775 103
1633908600 656 82 829 391
1633906800 618 1 710 16
1633905000 613 0 684 2
1633903200 658 66 934 394
1633901400 616 30 681 112
1633899600 618 6 714 21
1633897800 614 5 678 16
1633896000 616 6 698 28
1633894200 635 150 711 709
1633892400 614 0 715 2
1633890600 602 0 673 27
1633888800 615 4 698 27
1633887000 621 0 732 2
1633885200 618 25 748 152
1633883400 628 500 805 2938
1633881600 614 21 722 130
1633879800 613 4 808 6541
1633878000 666 1082 808 6541
1633876200 637 469 757 2816
1633874400 621 2 815 17
1633872600 613 19 777 95
1633870800 620 2 783 20
1633869000 646 60 775 247
1633867200 621 0 806 1
1633865400 713 1418 979 5536
1633863600 631 3 804 14
1633861800 618 0 744 5
1633860000 622 5 812 37
1633858200 598 0 762 15
1633856400 623 6 807 23
1633854600 638 440 891 2562
1633852800 648 573 926 8891
1633851000 672 1471 906 8891
1633849200 630 243 782 1430
1633847400 673 950 860 4897
1633845600 622 2 800 16
1633843800 617 0 807 4
1633842000 629 0 799 2
1633840200 691 1201 820 3815
1633838400 641 84 796 481
1633836600 622 69 773 422
1633834800 611 0 784 2
1633833000 613 6 783 37
1633831200 629 4 791 20
1633829400 612 1 769 43
1633827600 620 7 811 43
1633825800 605 3 763 17
1633824000 621 2 806 21
1633822200 615 0 803 4
1633820400 621 10 801 65
1633818600 602 4 747 3402
1633816800 651 572 827 3402
1633815000 606 0 776 8
1633813200 621 50 808 117
1633811400 613 0 790 1
1633809600 620 0 829 5
1633807800 603 0 764 3
1633806000 614 0 800 24
1633804200 625 38 783 192
1633802400 616 5 807 35
1633800600 618 25 798 129
1633798800 622 2 809 20
1633797000 613 10 775 49
1633795200 615 0 807 3
1633793400 607 0 761 3
1633791600 636 0 798 4
1633789800 631 15 828 95
1633788000 631 351 782 2100
1633786200 611 16 776 95
1633784400 617 5 801 23
1633782600 606 22 761 96
1633780800 624 0 803 2
1633779000 628 222 809 1337
1633777200 667 76 815 395
1633775400 610 4 759 22
1633773600 662 940 803 5391
1633771800 614 10 786 64
1633770000 631 54 793 183
1633768200 625 0 814 20
1633766400 817 1646 1172 3564
1633764600 703 787 964 2120
1633762800 778 1383 1021 3012
1633761000 636 170 866 813
1633759200 629 3 810 24
1633757400 629 466 809 2802
1633755600 620 0 785 3
1633753800 624 3 803 23
1633752000 614 2 788 15
1633750200 604 0 783 2
1633748400 621 43 812 239
1633746600 618 0 779 5
1633744800 616 0 792 5
1633743000 673 611 864 3616
1633741200 644 476 796 2830
1633739400 608 15 766 92
1633737600 619 30 915 18730
1633735800 731 6282 915 19029
1633734000 621 36 815 137
1633732200 621 471 783 2693
1633730400 617 4 788 16
1633728600 607 0 781 1
1633726800 677 1478 895 8801
1633725000 610 5 804 19
1633723200 613 9 784 36
1633721400 616 2 789 96
1633719600 616 12 784 96
1633716000 594 12 801 221
1633708800 526 5 763 37
1633701600 555 536 790 3728
1633694400 571 541 716 7673
1633687200 12927 970099 98501 5880695
1633680000 617 464 1177 5581
1633672800 599 696 1052 11835
1633665600 654 860 1126 11093
1633658400 656 1686 1101 11093
1633651200 559 8 738 98
1633644000 554 4 729 95
1633636800 560 164 726 3719
1633629600 561 138 738 2418
1633622400 558 2 769 35
1633615200 596 929 1111 7782
1633608000 634 921 1087 8830
1633600800 794 2002 1636 12201
1633593600 748 934 1430 6896
1633586400 630 1166 1255 12692
1633579200 630 865 948 8801
1633572000 655 2491 1707 36299
1633564800 562 109 761 2338
1633557600 557 7 728 55
1633550400 553 2 716 24
1633543200 564 168 725 3542
1633536000 574 189 736 4335
1633528800 592 390 917 3602
1633521600 602 289 917 1486
1633514400 709 2350 1980 19334
1633507200 676 7194 1152 59365
1633500000 654 3186 1602 36461
1633492800 689 1558 1072 8959
1633485600 706 1951 1155 11721
1633478400 618 146 903 3361
1633471200 633 378 1110 8804
1633464000 615 57 780 1040
1633456800 615 124 821 2638
1633449600 632 213 901 5071
1633442400 640 152 919 3391
1633435200 644 441 1008 3450
1633428000 650 675 917 4656
1633420800 641 432 933 3856
1633413600 680 1527 949 9977
1633406400 697 3016 1231 40909
1633399200 681 1122 1064 4650
1633392000 623 126 816 2847
1633384800 630 376 1156 8831
1633377600 619 136 869 2880
1633370400 646 245 980 3440
1633363200 627 433 1011 10290
1633356000 860 1065 2050 13384
1633348800 629 318 903 3572
1633341600 649 558 907 8258
1633334400 696 1619 1414 19121
1633327200 650 487 863 3885
1633320000 670 2226 1068 38652
1633312800 704 1003 1745 10239
1633305600 614 1 798 5
1633298400 612 11 838 118
1633291200 621 47 828 1120
1633284000 620 145 900 3419
1633276800 663 1147 1103 16455
1633269600 614 9 821 3425
1633262400 634 435 850 3639
1633255200 617 40 811 501
1633248000 617 3 817 36
1633240800 635 224 907 3425
1633233600 639 410 1034 3393
1633226400 617 56 839 574
1633219200 656 2238 1595 53514
1633212000 611 4 808 100
1633204800 618 13 813 151
1633197600 621 127 803 2965
1633190400 629 444 827 10488
1633183200 614 146 797 3464
1633176000 632 61 872 1338
1633168800 626 174 823 3403
1633161600 631 132 829 2842
1633154400 619 24 828 576
1633147200 645 387 1034 5718
1633140000 617 16 816 118
1633132800 625 84 966 1529
1633125600 622 232 750 3748
1633118400 612 6 686 36
1633111200 614 42 757 936
1633104000 629 149 885 3253
1633096800 616 7 781 97
1633089600 643 708 1027 14997
1633082400 729 1903 1494 29126
1633075200 669 780 1146 6639
1633068000 663 704 1147 6639
1633060800 673 1005 1147 9131
1633053600 705 594 1199 5856
1633046400 615 2 1071 6166
1633039200 628 387 1071 6166
1633032000 615 6 782 60
1633024800 624 184 913 3785
1633017600 629 300 876 2897
1633010400 621 18 805 106
1633003200 653 612 1014 3523
1632996000 728 697 1399 7509
1632988800 673 1253 1121 13557
1632981600 722 1689 1432 10444
1632974400 653 610 1011 7727
1632967200 674 936 965 4858
1632960000 630 190 950 3724
1632952800 623 379 786 8800
1632945600 615 8 786 64
1632938400 607 13 768 276
1632931200 630 533 904 12748
1632924000 629 275 787 3391
1632916800 629 191 883 3394
1632909600 663 1155 1009 9184
1632902400 711 1391 1083 8243
1632895200 682 1019 1026 14463
1632888000 697 2096 1215 15671
1632880800 670 1357 1262 23371
1632873600 620 16 796 131
1632866400 612 12 788 129
1632859200 612 1 784 36
1632852000 613 2 796 52
1632844800 636 362 861 3372
1632837600 639 1070 882 14293
1632830400 636 199 798 3471
1632823200 685 849 1019 4801
1632816000 660 317 990 3551
1632808800 735 1652 1250 13949
1632801600 1071 4102 2872 20586
1632794400 816 1367 1408 8663
1632787200 612 32 791 350
1632780000 613 9 783 183
1632772800 630 196 893 3521
1632765600 664 132 925 1039
1632758400 673 1346 956 12789
1632751200 703 2076 1104 11956
1632744000 619 138 847 2915
1632736800 698 1090 1076 7044
1632729600 724 1852 1051 7041
1632722400 686 1140 1255 6815
1632715200 693 1166 1000 7765
1632708000 731 714 1286 8352
1632700800 627 156 787 3488
1632693600 629 27 801 414
1632686400 623 125 898 2741
1632679200 633 121 823 2719
1632672000 639 151 835 3279
1632664800 638 288 930 3424
1632657600 622 64 821 1334
1632650400 626 82 937 1590
1632643200 666 1139 985 10032
1632636000 635 386 812 3772
1632628800 632 291 818 6424
1632621600 625 57 805 682
1632614400 619 26 801 277
1632607200 611 8 807 85
1632600000 620 6 821 76
1632592800 615 27 832 582
1632585600 630 307 929 3273
1632578400 638 620 988 14071
1632571200 630 204 888 3411
1632564000 643 1356 959 32409
1632556800 622 153 815 3424
1632549600 625 141 815 3372
1632542400 637 419 810 3446
1632535200 623 227 944 4964
1632528000 624 188 867 3926
1632520800 643 809 887 11573
1632513600 620 149 762 3339
1632506400 621 117 741 2697
1632499200 632 315 748 4203
1632492000 658 806 1003 9500
1632484800 649 451 956 5006
1632477600 648 1044 1084 19743
1632470400 684 2160 1612 33847
1632463200 667 790 1152 3930
1632456000 856 4056 1664 39360
1632448800 716 2115 1268 11618
1632441600 616 12 1130 7801
1632434400 632 467 1130 7801
1632427200 628 164 901 4248
1632420000 659 690 1086 6369
1632412800 663 1069 1143 11411
1632405600 676 1008 1339 9955
1632398400 633 239 807 3398
1632391200 677 1158 1201 12988
1632384000 701 1810 1320 13142
1632376800 696 849 1732 7968
1632369600 954 6510 2164 33822
1632362400 871 4336 2082 22564
1632355200 628 605 951 11480
1632348000 613 27 787 546
1632340800 616 1 788 16
1632333600 620 143 828 3371
1632326400 628 6 804 101
1632319200 647 342 918 4761
1632312000 625 64 798 1339
1632304800 668 875 1015 7743
1632297600 725 1809 1065 11117
1632290400 741 839 1007 5832
1632283200 790 1670 1323 31712
1632276000 860 1545 1459 8787
1632268800 713 1360 1376 31778
1632261600 691 353 849 4561
1632254400 673 357 886 7994
1632247200 696 476 1031 4746
1632240000 696 884 1056 8929
1632232800 728 1221 1393 23334
1632225600 723 525 1181 5577
1632218400 706 958 890 7679
1632211200 747 397 1252 3772
1632204000 762 850 1647 39716
1632196800 881 3906 1647 39716
1632189600 747 766 1319 7303
1632182400 674 7 889 143
1632175200 669 3 843 36
1632168000 677 1 882 39
1632160800 675 139 852 2915
1632153600 709 548 1130 5660
1632146400 683 325 851 7798
1632139200 677 48 860 599
1632132000 757 2217 1563 32901
1632124800 777 1087 1230 11570
1632117600 685 157 861 3453
1632110400 919 4545 1935 31700
1632103200 725 532 1172 3662
1632096000 698 337 865 3662
1632088800 681 59 832 605
1632081600 673 13 874 129
1632074400 672 141 854 3402
1632067200 669 0 876 20
1632060000 671 54 901 581
1632052800 692 559 1021 12279
1632045600 680 145 879 3385
1632038400 697 763 1039 12612
1632031200 685 155 898 3406
1632024000 683 372 1043 8802
1632016800 686 403 978 8816
1632009600 677 46 916 623
1632002400 671 0 860 5
1631995200 674 4 870 3417
1631988000 672 164 858 3417
1631980800 721 1681 1377 23527
1631973600 688 360 1069 4503
1631966400 676 154 877 3518
1631959200 698 608 932 10030
1631952000 689 305 889 3548
1631944800 684 249 885 2710
1631937600 671 17 879 8852
1631930400 691 381 908 8852
1631923200 674 6 884 97
1631916000 671 294 858 7047
1631908800 686 215 897 4715
1631901600 683 51 868 676
1631894400 674 42 843 624
1631887200 679 279 1055 6617
1631880000 730 926 1141 5229
1631872800 774 1695 1232 13658
1631865600 797 1552 1532 10516
1631858400 926 1207 2844 7760
1631851200 771 1041 1181 5349
1631844000 837 626 1500 4645
1631836800 753 740 1279 7244
1631829600 718 21 1108 437
1631822400 712 8 902 136
1631815200 708 109 868 2507
1631808000 732 323 1026 4593
1631800800 712 47 908 659
1631793600 710 6 894 89
1631786400 711 6 872 96
1631779200 740 672 995 12372
1631772000 751 1555 1344 29068
1631764800 716 197 943 3525
1631757600 721 346 1037 8073
1631750400 712 3 912 38
1631743200 707 9 881 144
1631736000 718 366 892 3350
1631728800 741 1059 1013 8702
1631721600 713 124 880 2708
1631714400 761 982 1175 6206
1631707200 718 153 887 3371
1631700000 846 1812 1648 11225
1631692800 869 2467 2010 18934
1631685600 752 740 1016 3514
1631678400 824 1992 1307 8434
1631671200 751 581 1156 6956
1631664000 710 18 909 220
1631656800 710 111 834 2553
1631649600 729 393 834 3229
1631642400 741 200 872 3363
1631635200 738 165 915 2256
1631628000 718 241 1028 3407
1631620800 726 345 922 3395
1631613600 745 1165 1070 12173
1631606400 775 1069 1327 10727
1631599200 753 894 1029 3772
1631592000 795 1955 1103 10314
1631584800 748 648 1075 6564
1631577600 725 579 883 8849
1631570400 704 3 872 95
1631563200 709 10 909 95
1631556000 719 164 967 3449
1631548800 711 8 892 95
1631541600 711 52 909 758
1631534400 745 218 1183 3648
1631527200 908 1512 1564 10110
1631520000 835 1482 1383 6922
1631512800 775 697 1166 6884
1631505600 877 1886 1769 12860
1631498400 862 3357 1638 27115
1631491200 720 296 1124 4428
1631484000 711 25 870 473
1631476800 720 334 965 7935
1631469600 715 147 898 3443
1631462400 755 1203 1236 13545
1631455200 714 495 929 10516
1631448000 723 383 879 5756
1631440800 713 158 1025 3490
1631433600 720 465 1205 11088
1631426400 714 287 830 3408
1631419200 706 10 816 148
1631412000 709 370 858 8854
1631404800 722 406 1164 8831
1631397600 704 2 893 39
1631390400 708 5 905 37
1631383200 713 154 892 3392
1631376000 741 407 1081 5905
1631368800 717 268 928 3261
1631361600 709 7 889 73
1631354400 732 930 1000 8922
1631347200 742 694 1035 4832
1631340000 717 41 890 644
1631332800 723 300 1053 3695
1631325600 731 178 1030 2841
1631318400 712 85 905 1675
1631311200 709 4 909 82
1631304000 714 10 910 94
1631296800 718 373 917 8834
1631289600 713 34 894 603
1631282400 756 1834 1387 21119
1631275200 728 332 903 3558
1631268000 714 96 914 1686
1631260800 746 670 1063 7730
1631253600 715 388 921 7730
1631246400 759 1060 1209 11111
1631239200 773 942 1067 4473
1631232000 720 181 1018 3656
1631224800 722 447 923 7277
1631217600 714 173 905 3404
1631210400 711 141 838 3378
1631203200 736 392 1077 5980
1631196000 708 329 815 7687
1631188800 710 12 845 149
1631181600 752 670 1009 4537
1631174400 750 749 1019 4488
1631167200 810 2070 1457 15058
1631160000 749 763 989 8358
1631152800 775 943 1286 7957
1631145600 732 494 906 7757
1631138400 727 368 930 8426
1631131200 736 506 893 7949
1631124000 741 131 1062 993
1631116800 749 1483 968 15609
1631109600 790 3500 1175 31397
1631102400 745 536 923 6831
1631095200 848 2543 1284 23522
1631088000 774 1268 1113 9147
1631080800 786 2087 1599 31638
1631073600 776 1100 1041 6730
1631066400 814 1128 1518 7493
1631059200 714 18 887 402
1631052000 715 159 878 3255
1631044800 713 21 872 283
1631037600 713 12 881 93
1631030400 714 14 889 94
1631023200 732 325 919 4423
1631016000 718 144 882 3396
1631008800 771 1019 1289 10293
1631001600 776 1303 1343 7901
1630994400 761 840 1657 12603
1630987200 899 2047 1657 12603
1630980000 826 1516 1467 11692
1630972800 733 446 888 5782
1630965600 708 0 795 20
1630958400 710 6 855 109
1630951200 711 20 850 870
1630944000 725 328 885 3433
1630936800 743 1003 962 8801
1630929600 717 105 883 2042
1630922400 743 538 1017 5758
1630915200 848 1122 1597 4699
1630908000 825 1991 1185 11176
1630900800 829 1052 1411 7790
1630893600 860 1696 1545 8801
1630886400 722 198 902 3710
1630879200 720 203 896 3540
1630872000 721 161 905 3247
1630864800 720 409 921 7690
1630857600 781 1197 1447 13351
1630850400 728 289 891 3394
1630843200 717 7 909 88
1630836000 723 464 991 7674
1630828800 715 44 885 548
1630821600 717 26 914 339
1630814400 721 371 1139 8803
1630807200 729 292 1111 3591
1630800000 715 31 893 352
1630792800 730 559 1041 7695
1630785600 716 20 889 186
1630778400 717 41 912 320
1630771200 724 297 890 3405
1630764000 728 272 955 6367
1630756800 725 160 843 3376
1630749600 711 13 852 228
1630742400 712 5 833 98
1630735200 730 1694 888 34193
1630728000 710 3 894 50
1630720800 755 1036 1108 15609
1630713600 728 443 910 7756
1630706400 733 758 937 8800
1630699200 715 13 908 111
1630692000 722 351 914 8389
1630684800 751 729 1152 3568
1630677600 747 954 1067 15773
1630670400 719 148 1046 3470
1630663200 746 1223 988 9065
1630656000 817 1533 1626 6895
1630648800 744 543 1120 5100
1630641600 792 1554 1128 6588
1630634400 770 2889 1519 62363
1630627200 715 28 915 219
1630620000 732 393 960 8801
1630612800 716 158 917 3256
1630605600 720 17 907 339
1630598400 717 117 911 2776
1630591200 737 560 1026 7898
1630584000 711 0 907 4
1630576800 986 1909 2406 24460
1630569600 822 1105 1818 13195
1630562400 805 703 1237 6821
1630555200 759 427 1222 3543
1630548000 797 437 1136 2750
1630540800 717 102 808 2253
1630533600 710 36 808 728
1630526400 710 10 848 186
1630519200 721 141 869 1377
1630512000 713 6 860 82
1630504800 776 2064 1653 31580
1630497600 748 179 1337 1962
1630490400 872 1914 1330 12801
1630483200 844 1005 1809 7293
1630476000 840 1953 1809 32157
1630468800 785 913 1108 12057
1630461600 749 192 1413 4119
1630454400 716 66 1035 1471
1630447200 716 44 949 820
1630440000 714 23 916 392
1630432800 743 991 1089 10135
1630425600 720 47 921 628
1630418400 713 8 884 77
1630411200 718 146 903 3123
1630404000 717 4 903 38
1630396800 721 154 975 1691
1630389600 740 215 994 2971
1630382400 721 109 906 2536
1630375200 729 151 954 1823
1630368000 714 34 803 773
1630360800 722 208 1053 4266
1630353600 709 1 813 16
1630346400 732 444 1117 8682
1630339200 717 21 881 332
1630332000 710 42 923 827
1630324800 735 325 1021 4896
1630317600 738 538 1364 31621
1630310400 792 2238 1364 31621
1630303200 762 227 1335 2480
1630296000 772 656 1014 3904
1630288800 792 656 1282 7747
1630281600 705 19 874 261
1630274400 707 5 919 8388
1630267200 715 353 902 8388
1630260000 711 54 886 1205
1630252800 707 52 943 1223
1630245600 708 46 892 553
1630238400 718 111 908 840
1630231200 713 87 931 569
1630224000 726 489 1023 7800
1630216800 708 6 882 77
1630209600 728 462 1018 8863
1630202400 723 87 962 1226
1630195200 771 2598 2053 60961
1630188000 711 6 889 123
1630180800 714 38 897 265
1630173600 716 387 1071 8771
1630166400 710 20 894 457
1630159200 745 1556 1196 27541
1630152000 718 114 889 1508
1630144800 714 59 831 1160
1630137600 743 602 1043 10509
1630130400 730 438 1110 9776
1630123200 781 2420 1581 30766
1630116000 720 28 899 296
1630108800 739 1206 1484 27208
1630101600 721 189 961 3175
1630094400 725 791 1143 18748
1630087200 745 508 1587 11789
1630080000 714 17 910 147
1630072800 712 57 933 1217
1630065600 719 155 1049 2400
1630058400 765 184 1271 1516
1630051200 734 117 956 1916
1630044000 742 1728 1232 41155
1630036800 752 249 1121 2448
1630029600 761 271 1533 3751
1630022400 707 7 898 65
1630015200 710 1 910 25
1630008000 721 338 1060 7670
1630000800 714 21 888 512
1629993600 730 1312 1246 31346
1629986400 713 29 924 645
1629979200 714 58 883 1262
1629972000 771 1259 1294 8552
1629964800 742 1601 1008 31278
1629957600 823 3407 1248 31497
1629950400 807 951 1382 9621
1629943200 790 1208 1139 20518
1629936000 706 3 895 37
1629928800 713 30 872 628
1629921600 717 78 893 1211
1629914400 719 390 1057 8839
1629907200 732 242 854 1348
1629900000 741 619 1040 8961
1629892800 726 98 1009 1610
1629885600 766 523 1106 2928
1629878400 774 756 1075 2401
1629871200 748 268 973 2522
1629864000 781 1164 1098 9912
1629856800 828 1373 1319 9614
1629849600 720 281 1061 3035
1629842400 716 66 1031 1491
1629835200 710 1 864 27
1629828000 718 381 868 8882
1629820800 735 460 913 8800
1629813600 724 115 876 1277
1629806400 721 86 988 1219
1629799200 762 1279 1164 8942
1629792000 771 628 1209 9452
1629784800 732 162 1019 1988
1629777600 759 367 1142 3976
1629770400 775 308 1080 2899
1629763200 717 5 870 86
1629756000 781 715 1054 8848
1629748800 712 12 906 140
1629741600 720 94 872 1209
1629734400 724 88 961 1636
1629727200 713 18 911 286
1629720000 768 1531 1802 32186
1629712800 721 123 982 1470
1629705600 911 4474 2434 42494
1629698400 813 3051 2163 58640
1629691200 791 770 1229 5856
1629684000 772 441 1358 1642
1629676800 710 14 812 201
1629669600 717 28 846 363
1629662400 707 0 881 21
1629655200 757 506 1307 3935
1629648000 735 259 927 592
1629640800 749 1221 1309 27162
1629633600 758 1791 1429 23518
1629626400 713 11 889 117
1629619200 723 196 1073 2429
1629612000 714 64 887 1202
1629604800 710 17 934 241
1629597600 740 500 928 8800
1629590400 711 7 878 106
1629583200 711 8 893 95
1629576000 718 368 1104 8801
1629568800 715 125 1006 1717
1629561600 747 763 927 9364
1629554400 748 1167 1406 27134
1629547200 713 60 898 1339
1629540000 745 394 1001 1766
1629532800 738 811 959 8326
1629525600 725 176 891 1714
1629518400 727 425 1270 10055
1629511200 763 457 1402 8858
1629504000 720 75 1100 1223
1629496800 719 204 913 3083
1629489600 714 48 917 964
1629482400 712 78 930 1555
1629475200 723 132 927 1698
1629468000 714 29 828 333
1629460800 728 40 836 158
1629453600 767 609 1050 3382
1629446400 757 417 1045 1622
1629439200 741 387 957 1705
1629432000 845 894 1638 8064
1629424800 803 1209 1052 9110
1629417600 727 541 979 8829
1629410400 710 135 908 3241
1629403200 719 120 938 1508
1629396000 793 750 1671 18308
1629331200 764 885 1650 27121
1629244800 766 778 1764 31693
1629158400 747 455 1303 11822
1629072000 728 298 1352 8801
1628985600 719 177 1253 9095
1628899200 756 422 1618 13247
1628812800 781 562 1798 11954
1628726400 771 481 1593 8803
1628640000 751 469 1553 27470
1628553600 1087 615 84725 35607
1628467200 756 322 1411 16781
1628380800 745 328 1640 27118
1628294400 754 485 1545 27134
1628208000 769 1255 1532 56213
1628121600 758 384 1580 18945
1628035200 826 861 1912 35081
1627948800 884 1006 2041 34570
1627862400 764 610 1410 56179
1627776000 772 605 1711 46923
1627689600 862 705 1918 9202
1627603200 819 891 2043 39249
1627516800 808 999 1617 62865
1627430400 750 302 1401 8269
1627344000 856 884 1816 42872
1627257600 781 125 1153 8773
1627171200 791 255 1543 23295
1627084800 863 660 1802 31446
1626998400 863 944 2262 37170
1626912000 885 657 1825 32434
1626825600 788 137 1317 8811
1626739200 846 527 1525 23637
1626652800 785 290 1275 23292
1626566400 798 556 1541 29165
1626480000 836 420 1430 11501
1626393600 900 876 1777 34113
1626307200 878 625 2006 11749
1626220800 884 604 1970 16605
1626134400 873 749 1848 20095
1626048000 791 173 1303 8839
1625961600 792 158 1533 9494
1625875200 914 795 2160 9677
1625788800 880 1152 18001 99873
1625702400 874 702 1863 41068
1625616000 894 1115 2127 33483
1625529600 915 838 9866 26741
1625443200 783 291 1307 23899
1625356800 777 128 1209 9741
1625270400 846 935 1603 58501
1625184000 845 533 1938 31515
1625097600 857 716 1793 31725
1625011200 841 635 1526 12143
1624924800 865 741 2409 11716
1624838400 798 535 1816 34099
1624752000 784 224 1346 12233
1624665600 817 750 1676 28997
1624579200 846 739 2029 15065
1624492800 846 730 1733 12882
1624406400 896 834 1904 10607
1624320000 917 1162 2172 40974
1624233600 797 369 1634 9617
1624147200 781 258 1619 27115
1624060800 857 681 1518 10594
1623974400 855 945 2202 58543
1623888000 870 718 1671 12611
1623801600 937 1086 2823 59376
1623715200 874 689 1716 12641
1623628800 795 387 1601 23816
1623542400 783 263 1843 41414
1623456000 878 1144 2875 29492
1623369600 918 890 1984 14953
1623283200 876 1187 1760 14127
1623196800 901 1806 2032 40201
1623110400 804 730 1471 17624
1623024000 791 500 1320 17571
1622937600 792 536 1571 31365
1622851200 877 970 2278 44288
1622764800 900 1444 2398 62929
1622678400 865 1356 1838 41995
1622592000 908 1684 2418 34576
1622505600 990 2266 2054 19733
1622419200 846 1212 1564 31524
1622332800 838 507 1851 30188
1622246400 1042 2447 2528 68903
1622160000 1266 2223 34347 50983
1622073600 868 560 1523 9840
1621987200 902 741 2554 12052
1621900800 955 1087 2845 18034
1621814400 809 403 1790 27209
1621728000 814 431 1448 27347
1621641600 922 1027 2539 17665
1621555200 920 1091 2174 31637
1621468800 879 784 2023 20512
1621382400 910 739 2137 13960
1621296000 914 909 1951 14537
1621209600 792 56 1276 2336
1621123200 800 276 1332 27614
1621036800 805 571 1660 27121
1620950400 788 100 1122 8360
1620864000 881 626 2142 27745
1620777600 952 924 2284 29180
1620691200 999 1560 2957 39616
1620604800 797 189 1409 11775
1620518400 807 247 1648 7369
1620432000 919 946 2118 12871
1620345600 1078 1590 2735 25959
1620259200 971 1428 2412 34893
1620172800 1111 1519 2990 26071
1620086400 955 1381 2162 28389
1620000000 798 88 1142 7692
1619913600 797 150 1189 8808
1619827200 869 877 1822 27184
1619740800 878 864 2546 27214
1619654400 1063 2078 2532 28352
1619568000 941 1183 2500 19305
1619481600 897 769 1866 11454
1619395200 819 224 1451 8779
1619308800 817 173 2073 8925
1619222400 946 1268 2197 47840
1619136000 987 1583 2505 30472
1619049600 980 1247 2602 28678
1618963200 954 1212 2656 17360
1618876800 1024 2349 2908 27149
1618790400 840 392 1593 12693
1618704000 811 184 1314 4907
1618617600 870 698 1694 23595
1618531200 937 1779 2014 59592
1618444800 907 1211 2110 30231
1618358400 962 1168 2075 14444
1618272000 969 1079 2292 31427
1618185600 786 205 1229 8771
1618099200 830 226 1437 23484
1618012800 976 1333 2333 28547
1617926400 962 1318 2501 25658
1617840000 990 1452 2585 17954
1617753600 943 1214 2084 18429
1617667200 983 1485 2088 14791
1617580800 818 372 1471 12346
1617494400 846 450 2986 27408
1617408000 968 1326 2063 27123
1617321600 1038 1857 2881 46417
1617235200 2329 7622 9561 53921
1617148800 2291 8521 8015 56369
1617062400 1825 6821 8653 44322
1616976000 920 992 2247 31572
1616889600 986 1095 2052 27759
1616803200 1535 4964 4514 39194
1616716800 1723 6686 5064 47136
1616630400 1421 3927 3575 52436
1616544000 1359 3329 12326 36341
1616457600 1262 2895 3018 25939
1616371200 883 608 1694 10515
1616284800 863 775 2071 30071
1616198400 1189 2571 3268 27115
1616112000 1135 2079 3939 19941
1616025600 1166 2585 3517 29940
1615939200 1264 2749 6033 27031
1615852800 1130 2029 5528 25586
1615766400 888 379 3496 10241
1615680000 834 446 1549 23317
1615593600 1099 2382 2969 33992
1615507200 1063 2117 2618 44029
1615420800 1202 2773 7487 39300
1615334400 1161 2383 2992 27030
1615248000 1287 3026 5496 32591
1615161600 832 534 1663 35994
1615075200 867 501 1854 11758
1614988800 1036 1998 3752 36535
1614902400 1245 2763 5916 31673
1614816000 1278 2477 10049 20803
1614729600 1314 2520 5700 19911
1614643200 1358 2786 6169 35125
1614556800 804 555 1597 27120
1614470400 820 553 1521 27412
1614384000 1080 1995 2896 31121
1614297600 1070 1951 3084 20905
1614211200 1121 2180 3320 17444
1614124800 1018 1847 2997 29905
1614038400 1102 1997 2654 14422
1613952000 798 241 1604 9052
1613865600 823 428 1737 9532
1613779200 1071 2322 2621 22564
1613692800 1051 1799 3922 27288
1613606400 1032 1876 2502 21416
1613520000 922 1065 2407 16262
1613433600 1034 1949 2667 21076
1613347200 797 207 1380 27311
1613260800 851 639 1953 27120
1613174400 830 575 1553 27275
1613088000 920 945 2419 27196
1613001600 1043 2014 3022 16217
1612915200 1043 1878 2714 23057
1612828800 1047 2120 2444 35682
1612742400 797 122 1172 9551
1612656000 897 683 2216 22200
1612569600 968 1349 2153 13471
1612483200 1080 2284 3078 37342
1612396800 981 1323 2209 23470
1612310400 1004 1527 2123 15226
1612224000 931 1140 1974 18814
1612137600 806 237 1334 10866
1612051200 818 405 1773 12390
1611964800 940 1213 2739 69477
1611878400 961 1442 2347 23538
1611792000 991 1825 2081 32328
1611705600 990 1786 2692 37831
1611619200 993 1866 2354 21960
1611532800 818 453 1578 27209
1611446400 832 772 2053 50842
1611360000 900 1092 2041 28292
1611273600 948 1604 2299 61118
1611187200 880 1228 1817 35436
1611100800 998 1703 2523 18405
1611014400 981 1820 2551 37359
1610928000 793 31 1146 1388
1610841600 826 576 1495 12468
1610755200 914 1354 2694 18570
1610668800 825 2369 2535 45295
1610582400 910 3269 2736 34065
1610496000 962 4223 2573 41576
1610409600 855 1743 2333 25099
1610323200 669 330 1207 26116
1610236800 651 148 1063 8828
1610150400 756 1249 2211 27285
1610064000 769 1328 2206 35866
1609977600 742 1248 1705 23519
1609891200 726 860 1875 27433
1609804800 736 802 2142 17706
1609718400 655 158 1580 8228
1609632000 662 322 1265 23594
1609545600 648 122 1217 14062
1609459200 668 385 1503 11914
1609372800 666 345 1163 15590
1609286400 660 291 1267 9100
1609200000 694 628 1489 13406
1609113600 654 131 1417 9510
1609027200 651 145 1047 15115
1608940800 652 230 1036 11234
1608854400 665 385 1105 12598
1608768000 670 307 1731 10136
1608681600 683 670 1785 31389
1608595200 673 652 1538 37714
1608508800 650 178 1015 16472
1608422400 663 349 1464 10298
1608336000 669 441 1286 11391
1608249600 677 595 1371 21107
1608163200 669 475 1327 11391
1608076800 760 1038 2250 14124
1607990400 723 1150 2106 41365
1607904000 650 238 1129 12812
1607817600 652 345 1237 12245
1607731200 667 317 1199 10966
1607644800 704 972 1607 31631
1607558400 702 760 1469 15419
1607472000 692 895 2242 56879
1607385600 700 1040 1535 50986
1607299200 654 363 1290 29938
1607212800 668 413 1591 9678
1607126400 688 791 1286 31480
1607040000 737 1417 2631 65479
1606953600 725 933 1898 28294
1606867200 717 675 1741 12717
1606780800 659 501 1235 11469
1606694400 648 254 1243 11030
1606608000 652 320 1304 27115
1606521600 669 473 1332 9205
1606435200 665 447 1575 13997
1606348800 696 993 1484 27215
1606262400 687 564 1526 15949
1606176000 683 550 1340 15420
1606089600 649 168 1107 8801
1606003200 670 487 1808 23372
1605916800 681 719 1518 27132
1605830400 674 453 1612 15901
1605744000 688 691 2945 46085
1605657600 691 556 1625 16613
1605571200 701 813 1740 15414
1605484800 655 329 1409 27136
1605398400 652 238 1081 12017
1605312000 673 358 1222 11000
1605225600 700 772 1666 27206
1605139200 697 788 1343 11862
1605052800 709 863 1813 27579
1604966400 687 672 1383 10813
1604880000 650 176 1392 8854
1604793600 661 538 1576 29081
1604707200 683 675 1436 20681
1604620800 706 872 1538 25083
1604534400 694 726 1443 14938
1604448000 647 621 1371 12055
1604361600 700 1082 1391 47824
1604275200 646 216 1069 18140
1604188800 647 209 1215 13219
1604102400 709 782 1679 23376
1604016000 713 471 1634 27136
1603929600 775 886 2067 15057
1603843200 795 986 3736 14681
1603756800 727 551 1546 15102
1603670400 694 343 1452 27514
1603584000 703 291 1563 13100
1603497600 767 1202 1802 23517
1603411200 779 1412 2028 27456
1603324800 764 1597 1770 30555
1603238400 787 1528 1954 34811
1603152000 785 1568 1715 29305
1603065600 702 361 1377 13958
1602979200 699 288 1305 27162
1602892800 768 871 1936 10361
1602806400 808 1509 1910 27408
1602720000 784 1170 1752 29978
1602633600 758 1273 1868 33833
1602547200 771 1215 1610 24471
1602460800 700 557 2559 68197
1602374400 646 432 1889 17453
1602288000 681 839 1569 27785
1602201600 760 1462 1495 27668
1602115200 781 1475 1602 40651
1602028800 756 1120 1425 13913
1601942400 743 1114 1573 13752
1601856000 696 368 1481 14547
1601769600 687 231 1235 9333
1601683200 775 1435 2449 38535
1601596800 768 1033 1589 16592
1601510400 763 1658 1913 65965
1601424000 748 897 1696 27260
1601337600 732 614 1826 11446
1601251200 692 240 1343 8790
1601164800 703 636 1534 18371
1601078400 720 552 1351 19366
1600992000 751 888 1561 15395
1600905600 753 992 1415 14394
1600819200 754 940 1853 27120
1600732800 764 911 1848 35326
1600646400 685 185 1437 27534
1600560000 686 119 1109 6872
1600473600 733 865 1638 23267
1600387200 773 1537 1662 38431
1600300800 703 396 1458 14556
1600214400 731 801 1514 20799
1600128000 725 863 1417 27868
1600041600 692 175 1191 9597
1599955200 700 250 1347 8846
1599868800 745 1043 1510 35789
1599782400 813 1170 1676 23217
1599696000 810 819 1776 27120
1599609600 805 694 1879 12747
1599523200 806 792 1936 19716
1599436800 761 529 1683 34869
1599350400 772 836 1587 30563
1599264000 801 789 1505 27154
1599177600 797 768 1678 15546
1599091200 803 1150 2494 66894
1599004800 845 919 2556 19214
1598918400 758 322 1416 9223
1598832000 743 101 979 5182
1598745600 755 251 1687 27166
1598659200 802 627 1670 27133
1598572800 789 749 1865 17814
1598486400 835 950 1562 12889
1598400000 844 619 1654 12433
1598313600 878 860 1880 10660
1598227200 781 121 1105 6321
1598140800 782 184 1240 9462
1598054400 857 1058 1658 27500
1597968000 810 655 1611 27153
1597881600 827 1140 2024 30981
1597795200 820 731 1724 17945
1597708800 821 851 2031 14419
1597622400 760 375 1120 27124
1597536000 767 490 1512 27479
1597449600 2610 91582 144988 6753601
1597363200 835 1081 1709 29292
1597276800 832 1102 1903 27115
1597190400 884 1185 2174 31437
1597104000 852 1192 1967 21192
1597017600 779 382 1588 16899
1596931200 761 212 1284 9542
1596844800 821 1099 2096 43589
1596758400 836 1360 1734 27254
1596672000 6546 1376 1234669 32095
1596585600 886 1302 1864 14243
1596499200 814 703 2108 15034
1596412800 762 214 1469 12590
1596326400 762 191 1233 17693
1596240000 766 262 1441 10797
1596153600 822 678 2207 27130
1596067200 834 711 1955 14925
1595980800 930 1682 2253 29287
1595894400 876 1385 2138 28846
1595808000 772 373 1426 27114
1595721600 793 297 1809 10579
1595635200 926 1015 2272 19020
1595548800 1024 1003 16903 11343
1595462400 920 1279 1846 20587
1595376000 897 752 2038 10736
1595289600 940 1547 3051 29789
1595203200 760 315 1280 17015
1595116800 799 425 1304 17550
1595030400 887 935 2595 16159
1594944000 882 704 1872 19030
1594857600 1029 1573 2646 24886
1594771200 935 970 1875 13446
1594684800 937 1187 2147 29213
1594598400 854 430 4934 27134
1594512000 836 314 1602 27212
1594425600 952 1010 2244 12781
1594339200 970 1579 2393 28562
1594252800 909 1223 1905 30188
1594166400 923 1168 1829 27114
1594080000 912 816 1888 27233
1593993600 761 36 761 36
1593907200 761 36 761 36
1593820800 1675 34877 124172 4644071
1593734400 759 989 1691 27446
1593648000 764 1131 1678 17653
1593561600 775 782 2303 19654
1593475200 765 1076 1645 21893
1593388800 698 442 1390 27114
1593302400 699 237 1553 8801
1593216000 769 1216 1735 27303
1593129600 748 1031 1692 75482
1593043200 788 1141 1770 19795
1592956800 734 742 1537 30664
1592870400 802 1104 1988 28886
1592784000 699 267 2749 41908
1592697600 699 423 1821 20803
1592611200 742 858 1645 27206
1592524800 772 1262 1562 29921
1592438400 783 1335 1845 18499
1592352000 761 915 1856 27205
1592265600 824 1564 9188 34420
1592179200 706 611 1494 27115
1592092800 708 612 1514 27031
1592006400 755 1111 2989 44422
1591920000 757 1087 1941 27234
1591833600 770 1339 1667 27153
1591747200 789 1466 1908 27210
1591660800 703 669 1206 27076
1591574400 686 192 1131 8864
1591488000 713 769 1385 29066
1591401600 757 972 1644 35914
1591315200 756 1024 1756 27116
1591228800 828 1612 2199 32861
1591142400 824 1444 2460 27116
1591056000 812 1446 2970 30322
1590969600 697 409 1878 27116
1590883200 706 689 1714 19467
1590796800 720 699 1527 18335
1590710400 766 1063 2292 25401
1590624000 819 1138 2666 15382
1590537600 704 666 1514 21818
1590451200 694 349 1241 15403
1590364800 696 308 1340 24045
1590278400 699 459 1511 27487
1590192000 752 1362 1406 28776
1590105600 775 1202 1619 18830
1590019200 847 1524 2093 16377
1589932800 780 1678 1547 19195
1589846400 788 1027 2228 35000
1589760000 686 235 1050 9567
1589673600 697 415 1124 28818
1589587200 775 1061 1890 17067
1589500800 774 1269 2278 27206
1589414400 843 1753 2299 32329
1589328000 795 1499 2327 41000
1589241600 764 1039 1627 19836
1589155200 703 448 1525 15053
1589068800 724 588 1606 27236
1588982400 794 1236 1768 20521
1588896000 769 971 1930 16992
1588809600 934 1823 2690 24908
1588723200 824 1377 2121 19622
1588636800 851 1701 2069 29534
1588550400 709 462 1575 8855
1588464000 711 589 1373 23403
1588377600 709 431 1377 9606
1588291200 801 1509 1860 19416
1588204800 800 1482 1603 21727
1588118400 793 1331 3376 30235
1588032000 751 1135 1722 17377
1587945600 685 472 1344 15380
1587859200 705 321 1300 11662
1587772800 730 935 1548 16288
1587686400 758 1084 1573 29063
1587600000 883 1920 1983 16061
1587513600 837 1179 1913 15580
1587427200 785 1587 1578 14288
1587340800 709 419 1215 9397
1587254400 715 553 1475 33197
1587168000 794 1396 1851 29455
1587081600 805 1292 1708 10874
1586995200 831 1479 1860 27119
1586908800 856 1722 1812 33343
1586822400 838 1720 1782 18420
1586736000 693 167 1146 14423
1586649600 698 266 1099 11013
1586563200 732 749 1829 16986
1586476800 843 1030 1930 28905
1586390400 811 910 1698 14572
1586304000 807 694 2498 9096
1586217600 754 496 2049 14041
1586131200 690 178 1247 11183
1586044800 697 236 1239 9815
1585958400 775 895 1557 18349
1585872000 981 1481 3909 19141
1585785600 958 1691 3170 15023
1585699200 1731 5757 10280 39756
1585612800 1542 4005 8185 21640
1585526400 979 1719 2590 23493
1585440000 946 1847 3465 24087
1585353600 1057 2169 3187 28010
1585267200 1195 2743 3720 32603
1585180800 1147 2852 4332 33048
1585094400 1214 3216 3498 50152
1585008000 1038 2443 3150 30871
1584921600 776 751 1619 15438
1584835200 821 832 1721 15118
1584748800 1118 2070 4999 21321
1584662400 1149 2637 3773 21707
1584576000 1033 2485 2554 24785
1584489600 1235 3933 4776 28175
1584403200 1175 3363 3948 36389
1584316800 787 592 2056 14983
1584230400 830 1340 6130 46255
1584144000 1035 2333 3400 27130
1584057600 1152 2898 3102 25253
1583971200 1161 2848 4205 24779
1583884800 1023 3026 2915 77688
1583798400 1180 3111 3192 31720
1583712000 819 683 1910 29160
1583625600 809 699 1458 12553
1583539200 1086 2732 3133 33808
1583452800 1163 2762 4393 26557
1583366400 1090 2129 3547 16942
1583280000 1172 2401 3029 26628
1583193600 1263 3139 4863 39400
1583107200 696 256 2153 12912
1583020800 768 778 1594 15433
1582934400 1025 2127 2679 19863
1582848000 972 2285 3848 26628
1582761600 1112 3823 2669 27928
1582675200 1070 2935 4540 18989
1582588800 1046 2619 2549 37552
1582502400 734 519 1521 15033
1582416000 721 412 1417 29169
1582329600 964 2467 2519 22089
1582243200 1014 2720 2367 21467
1582156800 1044 3148 2982 32198
1582070400 1161 3510 3616 35264
1581984000 971 2103 3451 61488
1581897600 785 222 3105 10530
1581811200 812 720 2035 29063
1581724800 1010 2190 2922 20999
1581638400 1045 1816 3460 20258
1581552000 1091 2877 2768 34133
1581465600 1026 2635 2415 30570
1581379200 914 1791 2926 21302
1581292800 0 0 0 4
1581206400 0 0 0 10
1581120000 918 2222 2707 15929
1581033600 1124 2490 2834 31466
1580947200 1081 1917 3341 15624
1580860800 1088 2300 3382 22505
1580774400 1081 2334 2612 20212
1580688000 788 600 1650 25889
1580601600 785 521 1313 15471
1580515200 997 2213 2926 25542
1580428800 1024 1906 3028 23124
1580342400 1055 1959 6057 51647
1580256000 919 1346 1996 23516
1580169600 780 200 1407 8873
1580083200 779 342 1368 15748
1579996800 784 341 1289 17155
1579910400 897 1119 2095 15434
1579824000 931 1540 2593 16533
1579737600 967 1564 2395 28749
1579651200 1021 2125 3578 36548
1579564800 1153 3060 3367 40652
1579478400 823 539 1975 26768
1579392000 791 366 1432 17797
1579305600 1035 2219 2658 29885
1579219200 934 1463 2330 29291
1579132800 1120 3424 38238 424789
1579046400 1739 7890 67350 660150
1578960000 1051 2968 2593 53122
1578873600 788 265 1828 12225
1578787200 810 658 1574 15718
1578700800 1041 3106 2853 34555
1578614400 1047 2951 7437 32188
1578528000 938 1948 2594 44684
1578441600 1134 3613 3219 30696
1578355200 1017 2669 2918 34890
1578268800 567 19 567 19
1578182400 567 19 567 19
1578096000 767 1922 2165 20849
1578009600 1040 5024 3041 51389
1577923200 743 928 1954 10731
1577836800 1910 41659 80578 3192182
1577750400 730 622 1590 13941
1577664000 689 121 1155 8801
1577577600 709 547 1628 17122
1577491200 727 457 1628 10208
1577404800 761 786 2084 23388
1577318400 701 505 1306 13411
1577232000 727 939 1615 30560
1577145600 746 419 4146 15893
1577059200 701 366 1576 15437
1576972800 698 392 1647 23182
1576886400 739 880 1555 21794
1576800000 718 651 1380 15326
1576713600 735 867 1996 32835
1576627200 732 802 2634 27874
1576540800 729 772 1587 18195
1576454400 690 122 1023 3404
1576368000 689 210 1007 8800
1576281600 714 350 1172 12950
1576195200 733 548 1623 16414
1576108800 778 506 1379 13670
1576022400 727 848 1496 57875
1575936000 715 743 1612 13371
1575849600 726 873 1518 39151
1575763200 707 186 1828 7221
1575676800 758 686 1792 36358
1575590400 729 469 1506 15934
1575504000 715 600 1461 26272
1575417600 737 949 1332 26947
1575331200 702 387 1341 9048
1575244800 688 250 1461 10075
1575158400 743 322 1292 9673
1575072000 775 508 1559 8801
1574985600 50481 50459 6251685 7123667
1574899200 781 767 1674 20604
1574812800 775 663 1528 15522
1574726400 788 1043 2465 47650
1574640000 744 274 1164 7450
1574553600 758 525 1341 24219
1574467200 760 543 1242 12959
1574380800 791 1105 1647 23369
1574294400 767 1251 1620 30591
1574208000 710 1084 1582 25616
1574121600 704 978 1519 13902
1574035200 665 300 1952 9896
1573948800 663 355 1276 9879
1573862400 684 1047 1449 30321
1573776000 696 1325 1642 32459
1573689600 706 1282 1626 28376
1573603200 701 1574 1441 19886
1573516800 706 1266 1778 28314
1573430400 650 323 956 8852
1573344000 660 416 1399 10993
1573257600 683 692 1634 18084
1573171200 737 1194 4761 16891
1573084800 697 948 1531 12572
1572998400 702 1444 1782 34752
1572912000 691 800 1347 18493
1572825600 658 239 1007 8839
1572739200 658 196 1086 7518
1572652800 680 581 1199 13530
1572566400 705 1069 1454 20398
1572480000 706 936 1792 28060
1572393600 704 1122 1781 17478
1572307200 667 473 1239 8820
1572220800 650 130 1068 13736
1572134400 661 315 1336 24228
1572048000 692 1010 1620 19143
1571961600 710 1141 1496 15696
1571875200 661 1335 1910 26166
1571788800 685 1719 3974 47513
1571702400 654 1209 1265 18154
1571616000 598 327 946 13249
1571529600 602 399 1402 26084
1571443200 654 1032 1644 25599
1571356800 754 1840 2314 33575
1571270400 749 1785 1941 23200
1571184000 715 1317 2187 21036
1571097600 717 1347 1943 42451
1571011200 680 559 1386 13855
1570924800 673 506 1439 15380
1570838400 687 1015 1633 15439
1570752000 732 1156 1822 18289
1570665600 747 1575 1902 26875
1570579200 760 2028 1697 35698
1570492800 727 1163 1605 16573
1570406400 672 550 1272 15407
1570320000 671 382 1242 14567
1570233600 719 864 1452 29783
1570147200 727 1118 1621 24365
1570060800 725 903 2141 17631
1569974400 715 866 1775 20669
1569888000 739 1485 1811 22381
1569801600 608 350 1427 31216
1569715200 607 361 877 8824
1569628800 645 824 1450 16789
1569542400 651 1017 1586 17128
1569456000 668 1335 1486 16440
1569369600 685 1562 1578 19331
1569283200 672 1583 1705 28372
1569196800 614 389 1351 14008
1569110400 608 196 1069 6710
1569024000 644 777 1337 14012
1568937600 649 1082 1198 14215
1568851200 691 1641 2287 44694
1568764800 649 1144 1710 20651
1568678400 620 657 1557 14335
1568592000 612 348 1414 26511
1568505600 664 513 1346 15428
1568419200 738 1283 1537 20921
1568332800 703 862 1690 19669
1568246400 701 938 1253 10720
1568160000 721 1395 1974 22530
1568073600 663 336 1495 12127
1567987200 668 429 1324 29554
1567900800 662 280 1238 13495
1567814400 706 1052 1676 32011
1567728000 718 1390 1601 31435
1567641600 709 1102 1256 18121
1567555200 698 877 1339 14513
1567468800 662 260 1171 7915
1567382400 649 70 1311 16430
1567296000 648 45 880 4506
1567209600 685 606 1413 19689
1567123200 751 1926 4393 84357
1567036800 755 1907 3503 63453
1566950400 722 1090 1565 16415
1566864000 690 1047 1750 27734
1566777600 665 573 1053 15540
1566691200 667 489 1144 17757
1566604800 692 1088 1571 25014
1566518400 786 1896 2182 27057
1566432000 665 1450 1699 26753
1566345600 624 1367 1611 34791
1566259200 632 1507 1656 16610
1566172800 590 622 1314 14529
